<?xml version="1.0" encoding="UTF-8"?>
<!-- Generated by org.testng.reporters.JUnitReportReporter -->
<testsuite hostname="Nagarros-MBP" failures="0" tests="6" name="com.graphql.test.GraphqlQueryTest" time="2.412" errors="0" timestamp="21 Aug 2021 10:58:53 GMT" skipped="5">
  <testcase classname="com.graphql.test.GraphqlQueryTest" name="TestMutationWithVariable" time="2.412"/>
  <testcase classname="com.graphql.test.GraphqlQueryTest" name="getDataUsingAuth">
    <skipped/>
  </testcase> <!-- getDataUsingAuth -->
  <testcase classname="com.graphql.test.GraphqlQueryTest" name="getAllFilmName">
    <skipped/>
  </testcase> <!-- getAllFilmName -->
  <testcase classname="com.graphql.test.GraphqlQueryTest" name="getUserDataWithPojo">
    <skipped/>
  </testcase> <!-- getUserDataWithPojo -->
  <testcase classname="com.graphql.test.GraphqlQueryTest" name="TestMutationWithoutPojo">
    <skipped/>
  </testcase> <!-- TestMutationWithoutPojo -->
  <testcase classname="com.graphql.test.GraphqlQueryTest" name="testGraphqlfromFile">
    <skipped/>
  </testcase> <!-- testGraphqlfromFile -->
</testsuite> <!-- com.graphql.test.GraphqlQueryTest -->
